<?xml version="1.0" encoding="UTF-8"?>
<!-- Generated by org.testng.reporters.JUnitXMLReporter -->
<testsuite ignored="0" hostname="DESKTOP-9NRIQ1G" failures="0" tests="5" name="Test2" time="4.486" errors="0" timestamp="2024-02-27T17:06:02 IST">
  <testcase classname="com.pumo.testclass.HomepageTest" name="Verify_Search_btn" time="0.0">
    <skipped/>
  </testcase> <!-- Verify_Search_btn -->
  <testcase classname="com.pumo.testclass.HomepageTest" name="Verify_Wishlist" time="0.0">
    <skipped/>
  </testcase> <!-- Verify_Wishlist -->
  <testcase classname="com.pumo.testclass.HomepageTest" name="Verifylogo" time="0.0">
    <skipped/>
  </testcase> <!-- Verifylogo -->
  <testcase classname="com.pumo.testclass.HomepageTest" name="verifyMobileno" time="0.0">
    <skipped/>
  </testcase> <!-- verifyMobileno -->
  <testcase classname="com.pumo.testclass.HomepageTest" name="VerifyEmailid" time="0.0">
    <skipped/>
  </testcase> <!-- VerifyEmailid -->
</testsuite> <!-- Test2 -->
