<?xml version="1.0" encoding="UTF-8"?>
<!-- Generated by org.testng.reporters.JUnitXMLReporter -->
<testsuite ignored="0" hostname="DESKTOP-9NRIQ1G" failures="0" tests="2" name="Test4" time="1.124" errors="0" timestamp="2024-03-19T15:12:25 IST">
  <testcase classname="com.pumo.testclass.fourthpage_products_Test" name="Europ_Girl" time="0.0">
    <skipped/>
  </testcase> <!-- Europ_Girl -->
  <testcase classname="com.pumo.testclass.fourthpage_products_Test" name="UCANBE" time="0.0">
    <skipped/>
  </testcase> <!-- UCANBE -->
</testsuite> <!-- Test4 -->
