<?xml version="1.0" encoding="UTF-8"?>
<!-- Generated by org.testng.reporters.JUnitXMLReporter -->
<testsuite ignored="0" hostname="DESKTOP-9NRIQ1G" failures="0" tests="2" name="Test2" time="2.051" errors="0" timestamp="2024-03-19T15:12:23 IST">
  <testcase classname="com.pumo.testclass.SecondPage_Product_Test" name="Imagic36_Eyeshadow" time="0.0">
    <skipped/>
  </testcase> <!-- Imagic36_Eyeshadow -->
  <testcase classname="com.pumo.testclass.SecondPage_Product_Test" name="DElanciTenderPalette" time="0.0">
    <skipped/>
  </testcase> <!-- DElanciTenderPalette -->
</testsuite> <!-- Test2 -->
