<?xml version="1.0" encoding="UTF-8"?>
<!-- Generated by org.testng.reporters.JUnitXMLReporter -->
<testsuite ignored="0" hostname="DESKTOP-9NRIQ1G" failures="0" tests="2" name="Test3" time="0.783" errors="0" timestamp="2024-03-19T15:12:24 IST">
  <testcase classname="com.pumo.testclass.Thirdpage_products_Test" name="Imagic_36" time="0.0">
    <skipped/>
  </testcase> <!-- Imagic_36 -->
  <testcase classname="com.pumo.testclass.Thirdpage_products_Test" name="Lakyou_beauty_25" time="0.0">
    <skipped/>
  </testcase> <!-- Lakyou_beauty_25 -->
</testsuite> <!-- Test3 -->
