<?xml version="1.0" encoding="UTF-8"?>
<!-- Generated by org.testng.reporters.JUnitXMLReporter -->
<testsuite ignored="0" hostname="DESKTOP-9NRIQ1G" failures="0" tests="2" name="Test5" time="1.038" errors="0" timestamp="2024-03-19T15:12:26 IST">
  <testcase classname="com.pumo.testclass.fifthpage_product_Test" name="Forever_52" time="0.0">
    <skipped/>
  </testcase> <!-- Forever_52 -->
  <testcase classname="com.pumo.testclass.fifthpage_product_Test" name="Shopaarel_miracle_foundation" time="0.0">
    <skipped/>
  </testcase> <!-- Shopaarel_miracle_foundation -->
</testsuite> <!-- Test5 -->
