<?xml version="1.0" encoding="UTF-8"?>
<testng-results ignored="0" total="2" passed="2" failed="0" skipped="0">
  <reporter-output>
    <line>
      <![CDATA[Browser open]]>
    </line>
    <line>
      <![CDATA[Enter URL]]>
    </line>
    <line>
      <![CDATA[Login Successfull]]>
    </line>
    <line>
      <![CDATA[Log Out Account]]>
    </line>
    <line>
      <![CDATA[Browser Close]]>
    </line>
    <line>
      <![CDATA[Browser open]]>
    </line>
    <line>
      <![CDATA[Enter URL]]>
    </line>
    <line>
      <![CDATA[Login Successfull]]>
    </line>
    <line>
      <![CDATA[Log Out Account]]>
    </line>
    <line>
      <![CDATA[Browser Close]]>
    </line>
  </reporter-output>
  <suite started-at="2024-04-19T18:38:55 IST" name="Suite" finished-at="2024-04-19T18:41:04 IST" duration-ms="129145">
    <groups>
    </groups>
    <test started-at="2024-04-19T18:38:55 IST" name="AllTest1" finished-at="2024-04-19T18:41:04 IST" duration-ms="129145">
      <class name="com.pumo.testclass.Search_Products_Test1">
        <test-method is-config="true" signature="initialize(java.lang.String)[pri:0, instance:com.pumo.testclass.Search_Products_Test1@36c88a32]" started-at="2024-04-19T18:38:55 IST" name="initialize" finished-at="2024-04-19T18:39:01 IST" duration-ms="5940" status="PASS">
          <params>
            <param index="0">
              <value>
                <![CDATA[chrome]]>
              </value>
            </param>
          </params>
          <reporter-output>
          </reporter-output>
        </test-method> <!-- initialize -->
        <test-method is-config="true" signature="Login()[pri:0, instance:com.pumo.testclass.Search_Products_Test1@36c88a32]" started-at="2024-04-19T18:39:01 IST" name="Login" finished-at="2024-04-19T18:39:12 IST" duration-ms="10415" status="PASS">
          <reporter-output>
            <line>
              <![CDATA[Browser open]]>
            </line>
            <line>
              <![CDATA[Enter URL]]>
            </line>
            <line>
              <![CDATA[Login Successfull]]>
            </line>
          </reporter-output>
        </test-method> <!-- Login -->
        <test-method signature="INSHINE_Lipstick()[pri:1, instance:com.pumo.testclass.Search_Products_Test1@36c88a32]" started-at="2024-04-19T18:39:12 IST" name="INSHINE_Lipstick" finished-at="2024-04-19T18:39:42 IST" duration-ms="30789" status="PASS">
          <reporter-output>
          </reporter-output>
        </test-method> <!-- INSHINE_Lipstick -->
        <test-method is-config="true" signature="logout(org.testng.ITestResult)[pri:0, instance:com.pumo.testclass.Search_Products_Test1@36c88a32]" started-at="2024-04-19T18:39:43 IST" name="logout" finished-at="2024-04-19T18:40:03 IST" duration-ms="20471" status="PASS">
          <params>
            <param index="0">
              <value>
                <![CDATA[[TestResult name=INSHINE_Lipstick status=SUCCESS method=Search_Products_Test1.INSHINE_Lipstick()[pri:1, instance:com.pumo.testclass.Search_Products_Test1@36c88a32] output={null}]]]>
              </value>
            </param>
          </params>
          <reporter-output>
            <line>
              <![CDATA[Log Out Account]]>
            </line>
            <line>
              <![CDATA[Browser Close]]>
            </line>
          </reporter-output>
        </test-method> <!-- logout -->
        <test-method is-config="true" signature="Login()[pri:0, instance:com.pumo.testclass.Search_Products_Test1@36c88a32]" started-at="2024-04-19T18:40:03 IST" name="Login" finished-at="2024-04-19T18:40:13 IST" duration-ms="10394" status="PASS">
          <reporter-output>
            <line>
              <![CDATA[Browser open]]>
            </line>
            <line>
              <![CDATA[Enter URL]]>
            </line>
            <line>
              <![CDATA[Login Successfull]]>
            </line>
          </reporter-output>
        </test-method> <!-- Login -->
        <test-method signature="lakyou_beauty_25()[pri:2, instance:com.pumo.testclass.Search_Products_Test1@36c88a32]" started-at="2024-04-19T18:40:13 IST" name="lakyou_beauty_25" finished-at="2024-04-19T18:40:44 IST" duration-ms="30802" status="PASS">
          <reporter-output>
          </reporter-output>
        </test-method> <!-- lakyou_beauty_25 -->
        <test-method is-config="true" signature="logout(org.testng.ITestResult)[pri:0, instance:com.pumo.testclass.Search_Products_Test1@36c88a32]" started-at="2024-04-19T18:40:44 IST" name="logout" finished-at="2024-04-19T18:41:04 IST" duration-ms="20137" status="PASS">
          <params>
            <param index="0">
              <value>
                <![CDATA[[TestResult name=lakyou_beauty_25 status=SUCCESS method=Search_Products_Test1.lakyou_beauty_25()[pri:2, instance:com.pumo.testclass.Search_Products_Test1@36c88a32] output={null}]]]>
              </value>
            </param>
          </params>
          <reporter-output>
            <line>
              <![CDATA[Log Out Account]]>
            </line>
            <line>
              <![CDATA[Browser Close]]>
            </line>
          </reporter-output>
        </test-method> <!-- logout -->
        <test-method is-config="true" signature="CloseBrowser()[pri:0, instance:com.pumo.testclass.Search_Products_Test1@36c88a32]" started-at="2024-04-19T18:41:04 IST" name="CloseBrowser" finished-at="2024-04-19T18:41:04 IST" duration-ms="99" status="PASS">
          <reporter-output>
          </reporter-output>
        </test-method> <!-- CloseBrowser -->
      </class> <!-- com.pumo.testclass.Search_Products_Test1 -->
    </test> <!-- AllTest1 -->
  </suite> <!-- Suite -->
</testng-results>
